{"C:\\Users\\joseh\\OneDrive\\Documentos\\Programming\\desafio-lanchonete-2023\\src\\ProcessarPagamento.js": {"path":"C:\\Users\\joseh\\OneDrive\\Documentos\\Programming\\desafio-lanchonete-2023\\src\\ProcessarPagamento.js","all":false,"statementMap":{"0":{"start":{"line":1,"column":0},"end":{"line":1,"column":28}},"1":{"start":{"line":2,"column":0},"end":{"line":2,"column":0}},"2":{"start":{"line":3,"column":0},"end":{"line":3,"column":41}},"3":{"start":{"line":4,"column":0},"end":{"line":4,"column":11}},"4":{"start":{"line":5,"column":0},"end":{"line":5,"column":0}},"5":{"start":{"line":6,"column":0},"end":{"line":6,"column":24}},"6":{"start":{"line":7,"column":0},"end":{"line":7,"column":28}},"7":{"start":{"line":8,"column":0},"end":{"line":8,"column":5}},"8":{"start":{"line":9,"column":0},"end":{"line":9,"column":0}},"9":{"start":{"line":10,"column":0},"end":{"line":10,"column":23}},"10":{"start":{"line":11,"column":0},"end":{"line":11,"column":38}},"11":{"start":{"line":12,"column":0},"end":{"line":12,"column":68}},"12":{"start":{"line":13,"column":0},"end":{"line":13,"column":55}},"13":{"start":{"line":14,"column":0},"end":{"line":14,"column":5}},"14":{"start":{"line":15,"column":0},"end":{"line":15,"column":4}},"15":{"start":{"line":16,"column":0},"end":{"line":16,"column":72}},"16":{"start":{"line":17,"column":0},"end":{"line":17,"column":22}},"17":{"start":{"line":18,"column":0},"end":{"line":18,"column":39}},"18":{"start":{"line":19,"column":0},"end":{"line":19,"column":69}},"19":{"start":{"line":20,"column":0},"end":{"line":20,"column":55}},"20":{"start":{"line":21,"column":0},"end":{"line":21,"column":5}},"21":{"start":{"line":22,"column":0},"end":{"line":22,"column":0}},"22":{"start":{"line":23,"column":0},"end":{"line":23,"column":21}},"23":{"start":{"line":24,"column":0},"end":{"line":24,"column":56}},"24":{"start":{"line":25,"column":0},"end":{"line":25,"column":5}},"25":{"start":{"line":26,"column":0},"end":{"line":26,"column":1}}},"s":{"0":1,"1":1,"2":1,"3":22,"4":22,"5":22,"6":22,"7":22,"8":22,"9":22,"10":6,"11":6,"12":6,"13":6,"14":22,"15":22,"16":22,"17":7,"18":7,"19":7,"20":7,"21":22,"22":22,"23":8,"24":8,"25":22},"branchMap":{"0":{"type":"branch","line":3,"loc":{"start":{"line":3,"column":15},"end":{"line":26,"column":1}},"locations":[{"start":{"line":3,"column":15},"end":{"line":26,"column":1}}]},"1":{"type":"branch","line":6,"loc":{"start":{"line":6,"column":4},"end":{"line":8,"column":5}},"locations":[{"start":{"line":6,"column":4},"end":{"line":8,"column":5}}]},"2":{"type":"branch","line":10,"loc":{"start":{"line":10,"column":4},"end":{"line":14,"column":5}},"locations":[{"start":{"line":10,"column":4},"end":{"line":14,"column":5}}]},"3":{"type":"branch","line":17,"loc":{"start":{"line":17,"column":4},"end":{"line":21,"column":5}},"locations":[{"start":{"line":17,"column":4},"end":{"line":21,"column":5}}]},"4":{"type":"branch","line":23,"loc":{"start":{"line":23,"column":4},"end":{"line":25,"column":5}},"locations":[{"start":{"line":23,"column":4},"end":{"line":25,"column":5}}]}},"b":{"0":[22],"1":[22],"2":[6],"3":[7],"4":[8]},"fnMap":{"0":{"name":"<instance_members_initializer>","decl":{"start":{"line":3,"column":15},"end":{"line":26,"column":1}},"loc":{"start":{"line":3,"column":15},"end":{"line":26,"column":1}},"line":3},"1":{"name":"ProcessarPagamento","decl":{"start":{"line":6,"column":4},"end":{"line":8,"column":5}},"loc":{"start":{"line":6,"column":4},"end":{"line":8,"column":5}},"line":6},"2":{"name":"pagarEmDinheiro","decl":{"start":{"line":10,"column":4},"end":{"line":14,"column":5}},"loc":{"start":{"line":10,"column":4},"end":{"line":14,"column":5}},"line":10},"3":{"name":"pagarNoCredito","decl":{"start":{"line":17,"column":4},"end":{"line":21,"column":5}},"loc":{"start":{"line":17,"column":4},"end":{"line":21,"column":5}},"line":17},"4":{"name":"pagarNoDebito","decl":{"start":{"line":23,"column":4},"end":{"line":25,"column":5}},"loc":{"start":{"line":23,"column":4},"end":{"line":25,"column":5}},"line":23}},"f":{"0":22,"1":22,"2":6,"3":7,"4":8}}
,"C:\\Users\\joseh\\OneDrive\\Documentos\\Programming\\desafio-lanchonete-2023\\src\\caixa-da-lanchonete.js": {"path":"C:\\Users\\joseh\\OneDrive\\Documentos\\Programming\\desafio-lanchonete-2023\\src\\caixa-da-lanchonete.js","all":false,"statementMap":{"0":{"start":{"line":1,"column":0},"end":{"line":1,"column":54}},"1":{"start":{"line":2,"column":0},"end":{"line":2,"column":52}},"2":{"start":{"line":3,"column":0},"end":{"line":3,"column":28}},"3":{"start":{"line":4,"column":0},"end":{"line":4,"column":0}},"4":{"start":{"line":5,"column":0},"end":{"line":5,"column":25}},"5":{"start":{"line":6,"column":0},"end":{"line":6,"column":0}},"6":{"start":{"line":7,"column":0},"end":{"line":7,"column":53}},"7":{"start":{"line":8,"column":0},"end":{"line":8,"column":13}},"8":{"start":{"line":9,"column":0},"end":{"line":9,"column":37}},"9":{"start":{"line":10,"column":0},"end":{"line":10,"column":71}},"10":{"start":{"line":11,"column":0},"end":{"line":11,"column":20}},"11":{"start":{"line":12,"column":0},"end":{"line":12,"column":35}},"12":{"start":{"line":13,"column":0},"end":{"line":13,"column":38}},"13":{"start":{"line":14,"column":0},"end":{"line":14,"column":36}},"14":{"start":{"line":15,"column":0},"end":{"line":15,"column":35}},"15":{"start":{"line":16,"column":0},"end":{"line":16,"column":0}},"16":{"start":{"line":17,"column":0},"end":{"line":17,"column":41}},"17":{"start":{"line":18,"column":0},"end":{"line":18,"column":71}},"18":{"start":{"line":19,"column":0},"end":{"line":19,"column":108}},"19":{"start":{"line":20,"column":0},"end":{"line":20,"column":0}},"20":{"start":{"line":21,"column":0},"end":{"line":21,"column":65}},"21":{"start":{"line":22,"column":0},"end":{"line":22,"column":0}},"22":{"start":{"line":23,"column":0},"end":{"line":23,"column":102}},"23":{"start":{"line":24,"column":0},"end":{"line":24,"column":56}},"24":{"start":{"line":25,"column":0},"end":{"line":25,"column":54}},"25":{"start":{"line":26,"column":0},"end":{"line":26,"column":17}},"26":{"start":{"line":27,"column":0},"end":{"line":27,"column":0}},"27":{"start":{"line":28,"column":0},"end":{"line":28,"column":30}},"28":{"start":{"line":29,"column":0},"end":{"line":29,"column":41}},"29":{"start":{"line":30,"column":0},"end":{"line":30,"column":0}},"30":{"start":{"line":31,"column":0},"end":{"line":31,"column":55}},"31":{"start":{"line":32,"column":0},"end":{"line":32,"column":60}},"32":{"start":{"line":33,"column":0},"end":{"line":33,"column":58}},"33":{"start":{"line":34,"column":0},"end":{"line":34,"column":157}},"34":{"start":{"line":35,"column":0},"end":{"line":35,"column":29}},"35":{"start":{"line":36,"column":0},"end":{"line":36,"column":0}},"36":{"start":{"line":37,"column":0},"end":{"line":37,"column":53}},"37":{"start":{"line":38,"column":0},"end":{"line":38,"column":81}},"38":{"start":{"line":39,"column":0},"end":{"line":39,"column":36}},"39":{"start":{"line":40,"column":0},"end":{"line":40,"column":61}},"40":{"start":{"line":41,"column":0},"end":{"line":41,"column":174}},"41":{"start":{"line":42,"column":0},"end":{"line":42,"column":29}},"42":{"start":{"line":43,"column":0},"end":{"line":43,"column":26}},"43":{"start":{"line":44,"column":0},"end":{"line":44,"column":22}},"44":{"start":{"line":45,"column":0},"end":{"line":45,"column":24}},"45":{"start":{"line":46,"column":0},"end":{"line":46,"column":56}},"46":{"start":{"line":47,"column":0},"end":{"line":47,"column":54}},"47":{"start":{"line":48,"column":0},"end":{"line":48,"column":144}},"48":{"start":{"line":49,"column":0},"end":{"line":49,"column":25}},"49":{"start":{"line":50,"column":0},"end":{"line":50,"column":71}},"50":{"start":{"line":51,"column":0},"end":{"line":51,"column":22}},"51":{"start":{"line":52,"column":0},"end":{"line":52,"column":17}},"52":{"start":{"line":53,"column":0},"end":{"line":53,"column":0}},"53":{"start":{"line":54,"column":0},"end":{"line":54,"column":69}},"54":{"start":{"line":55,"column":0},"end":{"line":55,"column":0}},"55":{"start":{"line":56,"column":0},"end":{"line":56,"column":44}},"56":{"start":{"line":57,"column":0},"end":{"line":57,"column":36}},"57":{"start":{"line":58,"column":0},"end":{"line":58,"column":59}},"58":{"start":{"line":59,"column":0},"end":{"line":59,"column":35}},"59":{"start":{"line":60,"column":0},"end":{"line":60,"column":58}},"60":{"start":{"line":61,"column":0},"end":{"line":61,"column":34}},"61":{"start":{"line":62,"column":0},"end":{"line":62,"column":57}},"62":{"start":{"line":63,"column":0},"end":{"line":63,"column":28}},"63":{"start":{"line":64,"column":0},"end":{"line":64,"column":62}},"64":{"start":{"line":65,"column":0},"end":{"line":65,"column":17}},"65":{"start":{"line":66,"column":0},"end":{"line":66,"column":13}},"66":{"start":{"line":67,"column":0},"end":{"line":67,"column":25}},"67":{"start":{"line":68,"column":0},"end":{"line":68,"column":33}},"68":{"start":{"line":69,"column":0},"end":{"line":69,"column":9}},"69":{"start":{"line":70,"column":0},"end":{"line":70,"column":5}},"70":{"start":{"line":71,"column":0},"end":{"line":71,"column":0}},"71":{"start":{"line":72,"column":0},"end":{"line":72,"column":0}},"72":{"start":{"line":73,"column":0},"end":{"line":73,"column":1}},"73":{"start":{"line":74,"column":0},"end":{"line":74,"column":0}},"74":{"start":{"line":75,"column":0},"end":{"line":75,"column":29}}},"s":{"0":1,"1":1,"2":1,"3":1,"4":1,"5":1,"6":1,"7":34,"8":34,"9":3,"10":34,"11":31,"12":31,"13":31,"14":31,"15":31,"16":31,"17":55,"18":55,"19":54,"20":55,"21":54,"22":54,"23":54,"24":54,"25":54,"26":28,"27":31,"28":8,"29":8,"30":8,"31":8,"32":16,"33":2,"34":2,"35":14,"36":16,"37":12,"38":16,"39":2,"40":2,"41":2,"42":8,"43":8,"44":31,"45":20,"46":43,"47":15,"48":15,"49":39,"50":20,"51":20,"52":22,"53":22,"54":22,"55":22,"56":31,"57":6,"58":31,"59":7,"60":31,"61":8,"62":31,"63":1,"64":31,"65":31,"66":34,"67":12,"68":12,"69":34,"70":1,"71":1,"72":1,"73":1,"74":1},"branchMap":{"0":{"type":"branch","line":7,"loc":{"start":{"line":7,"column":4},"end":{"line":70,"column":5}},"locations":[{"start":{"line":7,"column":4},"end":{"line":70,"column":5}}]},"1":{"type":"branch","line":9,"loc":{"start":{"line":9,"column":36},"end":{"line":11,"column":13}},"locations":[{"start":{"line":9,"column":36},"end":{"line":11,"column":13}}]},"2":{"type":"branch","line":11,"loc":{"start":{"line":11,"column":13},"end":{"line":66,"column":13}},"locations":[{"start":{"line":11,"column":13},"end":{"line":66,"column":13}}]},"3":{"type":"branch","line":17,"loc":{"start":{"line":17,"column":40},"end":{"line":26,"column":17}},"locations":[{"start":{"line":17,"column":40},"end":{"line":26,"column":17}}]},"4":{"type":"branch","line":19,"loc":{"start":{"line":19,"column":68},"end":{"line":19,"column":108}},"locations":[{"start":{"line":19,"column":68},"end":{"line":19,"column":108}}]},"5":{"type":"branch","line":19,"loc":{"start":{"line":19,"column":107},"end":{"line":21,"column":50}},"locations":[{"start":{"line":19,"column":107},"end":{"line":21,"column":50}}]},"6":{"type":"branch","line":21,"loc":{"start":{"line":21,"column":50},"end":{"line":21,"column":65}},"locations":[{"start":{"line":21,"column":50},"end":{"line":21,"column":65}}]},"7":{"type":"branch","line":21,"loc":{"start":{"line":21,"column":64},"end":{"line":26,"column":17}},"locations":[{"start":{"line":21,"column":64},"end":{"line":26,"column":17}}]},"8":{"type":"branch","line":26,"loc":{"start":{"line":26,"column":16},"end":{"line":28,"column":29}},"locations":[{"start":{"line":26,"column":16},"end":{"line":28,"column":29}}]},"9":{"type":"branch","line":28,"loc":{"start":{"line":28,"column":29},"end":{"line":45,"column":17}},"locations":[{"start":{"line":28,"column":29},"end":{"line":45,"column":17}}]},"10":{"type":"branch","line":45,"loc":{"start":{"line":45,"column":17},"end":{"line":52,"column":17}},"locations":[{"start":{"line":45,"column":17},"end":{"line":52,"column":17}}]},"11":{"type":"branch","line":52,"loc":{"start":{"line":52,"column":16},"end":{"line":57,"column":25}},"locations":[{"start":{"line":52,"column":16},"end":{"line":57,"column":25}}]},"12":{"type":"branch","line":57,"loc":{"start":{"line":57,"column":20},"end":{"line":58,"column":59}},"locations":[{"start":{"line":57,"column":20},"end":{"line":58,"column":59}}]},"13":{"type":"branch","line":59,"loc":{"start":{"line":59,"column":20},"end":{"line":60,"column":58}},"locations":[{"start":{"line":59,"column":20},"end":{"line":60,"column":58}}]},"14":{"type":"branch","line":61,"loc":{"start":{"line":61,"column":20},"end":{"line":62,"column":57}},"locations":[{"start":{"line":61,"column":20},"end":{"line":62,"column":57}}]},"15":{"type":"branch","line":63,"loc":{"start":{"line":63,"column":20},"end":{"line":64,"column":62}},"locations":[{"start":{"line":63,"column":20},"end":{"line":64,"column":62}}]},"16":{"type":"branch","line":67,"loc":{"start":{"line":67,"column":10},"end":{"line":69,"column":9}},"locations":[{"start":{"line":67,"column":10},"end":{"line":69,"column":9}}]},"17":{"type":"branch","line":31,"loc":{"start":{"line":31,"column":36},"end":{"line":44,"column":21}},"locations":[{"start":{"line":31,"column":36},"end":{"line":44,"column":21}}]},"18":{"type":"branch","line":32,"loc":{"start":{"line":32,"column":49},"end":{"line":43,"column":25}},"locations":[{"start":{"line":32,"column":49},"end":{"line":43,"column":25}}]},"19":{"type":"branch","line":33,"loc":{"start":{"line":33,"column":57},"end":{"line":35,"column":29}},"locations":[{"start":{"line":33,"column":57},"end":{"line":35,"column":29}}]},"20":{"type":"branch","line":35,"loc":{"start":{"line":35,"column":28},"end":{"line":37,"column":52}},"locations":[{"start":{"line":35,"column":28},"end":{"line":37,"column":52}}]},"21":{"type":"branch","line":37,"loc":{"start":{"line":37,"column":52},"end":{"line":39,"column":29}},"locations":[{"start":{"line":37,"column":52},"end":{"line":39,"column":29}}]},"22":{"type":"branch","line":39,"loc":{"start":{"line":39,"column":29},"end":{"line":42,"column":29}},"locations":[{"start":{"line":39,"column":29},"end":{"line":42,"column":29}}]},"23":{"type":"branch","line":46,"loc":{"start":{"line":46,"column":36},"end":{"line":51,"column":21}},"locations":[{"start":{"line":46,"column":36},"end":{"line":51,"column":21}}]},"24":{"type":"branch","line":47,"loc":{"start":{"line":47,"column":53},"end":{"line":49,"column":25}},"locations":[{"start":{"line":47,"column":53},"end":{"line":49,"column":25}}]},"25":{"type":"branch","line":48,"loc":{"start":{"line":48,"column":78},"end":{"line":48,"column":144}},"locations":[{"start":{"line":48,"column":78},"end":{"line":48,"column":144}}]},"26":{"type":"branch","line":49,"loc":{"start":{"line":49,"column":24},"end":{"line":51,"column":21}},"locations":[{"start":{"line":49,"column":24},"end":{"line":51,"column":21}}]}},"b":{"0":[34],"1":[3],"2":[31],"3":[55],"4":[1],"5":[54],"6":[8],"7":[54],"8":[28],"9":[8],"10":[20],"11":[22],"12":[6],"13":[7],"14":[8],"15":[1],"16":[12],"17":[8],"18":[16],"19":[2],"20":[14],"21":[12],"22":[2],"23":[43],"24":[15],"25":[4],"26":[39]},"fnMap":{"0":{"name":"calcularValorDaCompra","decl":{"start":{"line":7,"column":4},"end":{"line":70,"column":5}},"loc":{"start":{"line":7,"column":4},"end":{"line":70,"column":5}},"line":7}},"f":{"0":34}}
,"C:\\Users\\joseh\\OneDrive\\Documentos\\Programming\\desafio-lanchonete-2023\\src\\utils.js": {"path":"C:\\Users\\joseh\\OneDrive\\Documentos\\Programming\\desafio-lanchonete-2023\\src\\utils.js","all":false,"statementMap":{"0":{"start":{"line":1,"column":0},"end":{"line":1,"column":28}},"1":{"start":{"line":2,"column":0},"end":{"line":2,"column":0}},"2":{"start":{"line":3,"column":0},"end":{"line":3,"column":41}},"3":{"start":{"line":4,"column":0},"end":{"line":4,"column":57}},"4":{"start":{"line":5,"column":0},"end":{"line":5,"column":5}},"5":{"start":{"line":6,"column":0},"end":{"line":6,"column":0}},"6":{"start":{"line":7,"column":0},"end":{"line":7,"column":55}},"7":{"start":{"line":8,"column":0},"end":{"line":8,"column":50}},"8":{"start":{"line":9,"column":0},"end":{"line":9,"column":73}},"9":{"start":{"line":10,"column":0},"end":{"line":10,"column":9}},"10":{"start":{"line":11,"column":0},"end":{"line":11,"column":21}},"11":{"start":{"line":12,"column":0},"end":{"line":12,"column":5}},"12":{"start":{"line":13,"column":0},"end":{"line":13,"column":1}}},"s":{"0":1,"1":1,"2":1,"3":21,"4":21,"5":1,"6":1,"7":17,"8":32,"9":32,"10":6,"11":6,"12":1},"branchMap":{"0":{"type":"branch","line":3,"loc":{"start":{"line":3,"column":11},"end":{"line":5,"column":5}},"locations":[{"start":{"line":3,"column":11},"end":{"line":5,"column":5}}]},"1":{"type":"branch","line":7,"loc":{"start":{"line":7,"column":11},"end":{"line":12,"column":5}},"locations":[{"start":{"line":7,"column":11},"end":{"line":12,"column":5}}]},"2":{"type":"branch","line":8,"loc":{"start":{"line":8,"column":49},"end":{"line":10,"column":9}},"locations":[{"start":{"line":8,"column":49},"end":{"line":10,"column":9}}]},"3":{"type":"branch","line":9,"loc":{"start":{"line":9,"column":61},"end":{"line":9,"column":73}},"locations":[{"start":{"line":9,"column":61},"end":{"line":9,"column":73}}]},"4":{"type":"branch","line":10,"loc":{"start":{"line":10,"column":8},"end":{"line":12,"column":5}},"locations":[{"start":{"line":10,"column":8},"end":{"line":12,"column":5}}]}},"b":{"0":[21],"1":[17],"2":[32],"3":[11],"4":[6]},"fnMap":{"0":{"name":"arrumarERetornarValor","decl":{"start":{"line":3,"column":11},"end":{"line":5,"column":5}},"loc":{"start":{"line":3,"column":11},"end":{"line":5,"column":5}},"line":3},"1":{"name":"principalEstaIncluso","decl":{"start":{"line":7,"column":11},"end":{"line":12,"column":5}},"loc":{"start":{"line":7,"column":11},"end":{"line":12,"column":5}},"line":7}},"f":{"0":21,"1":17}}
,"C:\\Users\\joseh\\OneDrive\\Documentos\\Programming\\desafio-lanchonete-2023\\src\\pedidos\\Combo.js": {"path":"C:\\Users\\joseh\\OneDrive\\Documentos\\Programming\\desafio-lanchonete-2023\\src\\pedidos\\Combo.js","all":false,"statementMap":{"0":{"start":{"line":1,"column":0},"end":{"line":1,"column":44}},"1":{"start":{"line":2,"column":0},"end":{"line":2,"column":0}},"2":{"start":{"line":3,"column":0},"end":{"line":3,"column":28}},"3":{"start":{"line":4,"column":0},"end":{"line":4,"column":21}},"4":{"start":{"line":5,"column":0},"end":{"line":5,"column":26}},"5":{"start":{"line":6,"column":0},"end":{"line":6,"column":15}},"6":{"start":{"line":7,"column":0},"end":{"line":7,"column":0}},"7":{"start":{"line":8,"column":0},"end":{"line":8,"column":22}},"8":{"start":{"line":9,"column":0},"end":{"line":9,"column":32}},"9":{"start":{"line":10,"column":0},"end":{"line":10,"column":5}},"10":{"start":{"line":11,"column":0},"end":{"line":11,"column":0}},"11":{"start":{"line":12,"column":0},"end":{"line":12,"column":21}},"12":{"start":{"line":13,"column":0},"end":{"line":13,"column":31}},"13":{"start":{"line":14,"column":0},"end":{"line":14,"column":5}},"14":{"start":{"line":15,"column":0},"end":{"line":15,"column":0}},"15":{"start":{"line":16,"column":0},"end":{"line":16,"column":24}},"16":{"start":{"line":17,"column":0},"end":{"line":17,"column":34}},"17":{"start":{"line":18,"column":0},"end":{"line":18,"column":5}},"18":{"start":{"line":19,"column":0},"end":{"line":19,"column":0}},"19":{"start":{"line":20,"column":0},"end":{"line":20,"column":29}},"20":{"start":{"line":21,"column":0},"end":{"line":21,"column":53}},"21":{"start":{"line":22,"column":0},"end":{"line":22,"column":20}},"22":{"start":{"line":23,"column":0},"end":{"line":23,"column":5}},"23":{"start":{"line":24,"column":0},"end":{"line":24,"column":0}},"24":{"start":{"line":25,"column":0},"end":{"line":25,"column":35}},"25":{"start":{"line":26,"column":0},"end":{"line":26,"column":34}},"26":{"start":{"line":27,"column":0},"end":{"line":27,"column":36}},"27":{"start":{"line":28,"column":0},"end":{"line":28,"column":20}},"28":{"start":{"line":29,"column":0},"end":{"line":29,"column":5}},"29":{"start":{"line":30,"column":0},"end":{"line":30,"column":1}}},"s":{"0":1,"1":1,"2":1,"3":8,"4":8,"5":8,"6":8,"7":8,"8":10,"9":10,"10":8,"11":8,"12":12,"13":12,"14":8,"15":8,"16":14,"17":14,"18":8,"19":8,"20":16,"21":16,"22":16,"23":8,"24":8,"25":6,"26":6,"27":6,"28":6,"29":8},"branchMap":{"0":{"type":"branch","line":3,"loc":{"start":{"line":3,"column":15},"end":{"line":30,"column":1}},"locations":[{"start":{"line":3,"column":15},"end":{"line":30,"column":1}}]},"1":{"type":"branch","line":8,"loc":{"start":{"line":8,"column":4},"end":{"line":10,"column":5}},"locations":[{"start":{"line":8,"column":4},"end":{"line":10,"column":5}}]},"2":{"type":"branch","line":12,"loc":{"start":{"line":12,"column":4},"end":{"line":14,"column":5}},"locations":[{"start":{"line":12,"column":4},"end":{"line":14,"column":5}}]},"3":{"type":"branch","line":16,"loc":{"start":{"line":16,"column":4},"end":{"line":18,"column":5}},"locations":[{"start":{"line":16,"column":4},"end":{"line":18,"column":5}}]},"4":{"type":"branch","line":20,"loc":{"start":{"line":20,"column":4},"end":{"line":23,"column":5}},"locations":[{"start":{"line":20,"column":4},"end":{"line":23,"column":5}}]},"5":{"type":"branch","line":25,"loc":{"start":{"line":25,"column":4},"end":{"line":29,"column":5}},"locations":[{"start":{"line":25,"column":4},"end":{"line":29,"column":5}}]}},"b":{"0":[8],"1":[10],"2":[12],"3":[14],"4":[16],"5":[6]},"fnMap":{"0":{"name":"<instance_members_initializer>","decl":{"start":{"line":3,"column":15},"end":{"line":30,"column":1}},"loc":{"start":{"line":3,"column":15},"end":{"line":30,"column":1}},"line":3},"1":{"name":"get comboFinal","decl":{"start":{"line":8,"column":4},"end":{"line":10,"column":5}},"loc":{"start":{"line":8,"column":4},"end":{"line":10,"column":5}},"line":8},"2":{"name":"get valorFixo","decl":{"start":{"line":12,"column":4},"end":{"line":14,"column":5}},"loc":{"start":{"line":12,"column":4},"end":{"line":14,"column":5}},"line":12},"3":{"name":"get temValorFixo","decl":{"start":{"line":16,"column":4},"end":{"line":18,"column":5}},"loc":{"start":{"line":16,"column":4},"end":{"line":18,"column":5}},"line":16},"4":{"name":"adicionarPedido","decl":{"start":{"line":20,"column":4},"end":{"line":23,"column":5}},"loc":{"start":{"line":20,"column":4},"end":{"line":23,"column":5}},"line":20},"5":{"name":"adicionarValorFixo","decl":{"start":{"line":25,"column":4},"end":{"line":29,"column":5}},"loc":{"start":{"line":25,"column":4},"end":{"line":29,"column":5}},"line":25}},"f":{"0":8,"1":10,"2":12,"3":14,"4":16,"5":6}}
,"C:\\Users\\joseh\\OneDrive\\Documentos\\Programming\\desafio-lanchonete-2023\\src\\pedidos\\Pedido.js": {"path":"C:\\Users\\joseh\\OneDrive\\Documentos\\Programming\\desafio-lanchonete-2023\\src\\pedidos\\Pedido.js","all":false,"statementMap":{"0":{"start":{"line":1,"column":0},"end":{"line":1,"column":29}},"1":{"start":{"line":2,"column":0},"end":{"line":2,"column":12}},"2":{"start":{"line":3,"column":0},"end":{"line":3,"column":10}},"3":{"start":{"line":4,"column":0},"end":{"line":4,"column":11}},"4":{"start":{"line":5,"column":0},"end":{"line":5,"column":0}},"5":{"start":{"line":6,"column":0},"end":{"line":6,"column":22}},"6":{"start":{"line":7,"column":0},"end":{"line":7,"column":15}},"7":{"start":{"line":8,"column":0},"end":{"line":8,"column":0}},"8":{"start":{"line":9,"column":0},"end":{"line":9,"column":80}},"9":{"start":{"line":10,"column":0},"end":{"line":10,"column":30}},"10":{"start":{"line":11,"column":0},"end":{"line":11,"column":26}},"11":{"start":{"line":12,"column":0},"end":{"line":12,"column":28}},"12":{"start":{"line":13,"column":0},"end":{"line":13,"column":50}},"13":{"start":{"line":14,"column":0},"end":{"line":14,"column":36}},"14":{"start":{"line":15,"column":0},"end":{"line":15,"column":5}},"15":{"start":{"line":16,"column":0},"end":{"line":16,"column":0}},"16":{"start":{"line":17,"column":0},"end":{"line":17,"column":18}},"17":{"start":{"line":18,"column":0},"end":{"line":18,"column":28}},"18":{"start":{"line":19,"column":0},"end":{"line":19,"column":5}},"19":{"start":{"line":20,"column":0},"end":{"line":20,"column":0}},"20":{"start":{"line":21,"column":0},"end":{"line":21,"column":16}},"21":{"start":{"line":22,"column":0},"end":{"line":22,"column":26}},"22":{"start":{"line":23,"column":0},"end":{"line":23,"column":5}},"23":{"start":{"line":24,"column":0},"end":{"line":24,"column":0}},"24":{"start":{"line":25,"column":0},"end":{"line":25,"column":17}},"25":{"start":{"line":26,"column":0},"end":{"line":26,"column":27}},"26":{"start":{"line":27,"column":0},"end":{"line":27,"column":5}},"27":{"start":{"line":28,"column":0},"end":{"line":28,"column":4}},"28":{"start":{"line":29,"column":0},"end":{"line":29,"column":28}},"29":{"start":{"line":30,"column":0},"end":{"line":30,"column":38}},"30":{"start":{"line":31,"column":0},"end":{"line":31,"column":5}},"31":{"start":{"line":32,"column":0},"end":{"line":32,"column":4}},"32":{"start":{"line":33,"column":0},"end":{"line":33,"column":21}},"33":{"start":{"line":34,"column":0},"end":{"line":34,"column":31}},"34":{"start":{"line":35,"column":0},"end":{"line":35,"column":5}},"35":{"start":{"line":36,"column":0},"end":{"line":36,"column":0}},"36":{"start":{"line":37,"column":0},"end":{"line":37,"column":1}}},"s":{"0":1,"1":60,"2":60,"3":60,"4":60,"5":60,"6":60,"7":60,"8":60,"9":60,"10":60,"11":60,"12":60,"13":60,"14":60,"15":60,"16":60,"17":32,"18":32,"19":60,"20":60,"21":0,"22":0,"23":60,"24":60,"25":41,"26":41,"27":60,"28":60,"29":59,"30":59,"31":60,"32":60,"33":32,"34":32,"35":60,"36":60},"branchMap":{"0":{"type":"branch","line":1,"loc":{"start":{"line":1,"column":15},"end":{"line":37,"column":1}},"locations":[{"start":{"line":1,"column":15},"end":{"line":37,"column":1}}]},"1":{"type":"branch","line":9,"loc":{"start":{"line":9,"column":4},"end":{"line":15,"column":5}},"locations":[{"start":{"line":9,"column":4},"end":{"line":15,"column":5}}]},"2":{"type":"branch","line":17,"loc":{"start":{"line":17,"column":4},"end":{"line":19,"column":5}},"locations":[{"start":{"line":17,"column":4},"end":{"line":19,"column":5}}]},"3":{"type":"branch","line":25,"loc":{"start":{"line":25,"column":4},"end":{"line":27,"column":5}},"locations":[{"start":{"line":25,"column":4},"end":{"line":27,"column":5}}]},"4":{"type":"branch","line":29,"loc":{"start":{"line":29,"column":4},"end":{"line":31,"column":5}},"locations":[{"start":{"line":29,"column":4},"end":{"line":31,"column":5}}]},"5":{"type":"branch","line":33,"loc":{"start":{"line":33,"column":4},"end":{"line":35,"column":5}},"locations":[{"start":{"line":33,"column":4},"end":{"line":35,"column":5}}]}},"b":{"0":[60],"1":[60],"2":[32],"3":[41],"4":[59],"5":[32]},"fnMap":{"0":{"name":"<instance_members_initializer>","decl":{"start":{"line":1,"column":15},"end":{"line":37,"column":1}},"loc":{"start":{"line":1,"column":15},"end":{"line":37,"column":1}},"line":1},"1":{"name":"Pedido","decl":{"start":{"line":9,"column":4},"end":{"line":15,"column":5}},"loc":{"start":{"line":9,"column":4},"end":{"line":15,"column":5}},"line":9},"2":{"name":"get codigo","decl":{"start":{"line":17,"column":4},"end":{"line":19,"column":5}},"loc":{"start":{"line":17,"column":4},"end":{"line":19,"column":5}},"line":17},"3":{"name":"get nome","decl":{"start":{"line":21,"column":4},"end":{"line":23,"column":5}},"loc":{"start":{"line":21,"column":4},"end":{"line":23,"column":5}},"line":21},"4":{"name":"get valor","decl":{"start":{"line":25,"column":4},"end":{"line":27,"column":5}},"loc":{"start":{"line":25,"column":4},"end":{"line":27,"column":5}},"line":25},"5":{"name":"get isAcompanhamento","decl":{"start":{"line":29,"column":4},"end":{"line":31,"column":5}},"loc":{"start":{"line":29,"column":4},"end":{"line":31,"column":5}},"line":29},"6":{"name":"get acompanha","decl":{"start":{"line":33,"column":4},"end":{"line":35,"column":5}},"loc":{"start":{"line":33,"column":4},"end":{"line":35,"column":5}},"line":33}},"f":{"0":60,"1":60,"2":32,"3":0,"4":41,"5":59,"6":32}}
,"C:\\Users\\joseh\\OneDrive\\Documentos\\Programming\\desafio-lanchonete-2023\\src\\pedidos\\PedidoFactory.js": {"path":"C:\\Users\\joseh\\OneDrive\\Documentos\\Programming\\desafio-lanchonete-2023\\src\\pedidos\\PedidoFactory.js","all":false,"statementMap":{"0":{"start":{"line":1,"column":0},"end":{"line":1,"column":28}},"1":{"start":{"line":2,"column":0},"end":{"line":2,"column":30}},"2":{"start":{"line":3,"column":0},"end":{"line":3,"column":0}},"3":{"start":{"line":4,"column":0},"end":{"line":4,"column":47}},"4":{"start":{"line":5,"column":0},"end":{"line":5,"column":21}},"5":{"start":{"line":6,"column":0},"end":{"line":6,"column":20}},"6":{"start":{"line":7,"column":0},"end":{"line":7,"column":52}},"7":{"start":{"line":8,"column":0},"end":{"line":8,"column":0}},"8":{"start":{"line":9,"column":0},"end":{"line":9,"column":20}},"9":{"start":{"line":10,"column":0},"end":{"line":10,"column":60}},"10":{"start":{"line":11,"column":0},"end":{"line":11,"column":0}},"11":{"start":{"line":12,"column":0},"end":{"line":12,"column":25}},"12":{"start":{"line":13,"column":0},"end":{"line":13,"column":57}},"13":{"start":{"line":14,"column":0},"end":{"line":14,"column":0}},"14":{"start":{"line":15,"column":0},"end":{"line":15,"column":23}},"15":{"start":{"line":16,"column":0},"end":{"line":16,"column":55}},"16":{"start":{"line":17,"column":0},"end":{"line":17,"column":0}},"17":{"start":{"line":18,"column":0},"end":{"line":18,"column":22}},"18":{"start":{"line":19,"column":0},"end":{"line":19,"column":94}},"19":{"start":{"line":20,"column":0},"end":{"line":20,"column":0}},"20":{"start":{"line":21,"column":0},"end":{"line":21,"column":24}},"21":{"start":{"line":22,"column":0},"end":{"line":22,"column":86}},"22":{"start":{"line":23,"column":0},"end":{"line":23,"column":0}},"23":{"start":{"line":24,"column":0},"end":{"line":24,"column":22}},"24":{"start":{"line":25,"column":0},"end":{"line":25,"column":30}},"25":{"start":{"line":26,"column":0},"end":{"line":26,"column":40}},"26":{"start":{"line":27,"column":0},"end":{"line":27,"column":45}},"27":{"start":{"line":28,"column":0},"end":{"line":28,"column":42}},"28":{"start":{"line":29,"column":0},"end":{"line":29,"column":0}},"29":{"start":{"line":30,"column":0},"end":{"line":30,"column":22}},"30":{"start":{"line":31,"column":0},"end":{"line":31,"column":30}},"31":{"start":{"line":32,"column":0},"end":{"line":32,"column":40}},"32":{"start":{"line":33,"column":0},"end":{"line":33,"column":45}},"33":{"start":{"line":34,"column":0},"end":{"line":34,"column":42}},"34":{"start":{"line":35,"column":0},"end":{"line":35,"column":0}},"35":{"start":{"line":36,"column":0},"end":{"line":36,"column":22}},"36":{"start":{"line":37,"column":0},"end":{"line":37,"column":106}},"37":{"start":{"line":38,"column":0},"end":{"line":38,"column":30}},"38":{"start":{"line":39,"column":0},"end":{"line":39,"column":40}},"39":{"start":{"line":40,"column":0},"end":{"line":40,"column":43}},"40":{"start":{"line":41,"column":0},"end":{"line":41,"column":0}},"41":{"start":{"line":42,"column":0},"end":{"line":42,"column":22}},"42":{"start":{"line":43,"column":0},"end":{"line":43,"column":106}},"43":{"start":{"line":44,"column":0},"end":{"line":44,"column":30}},"44":{"start":{"line":45,"column":0},"end":{"line":45,"column":45}},"45":{"start":{"line":46,"column":0},"end":{"line":46,"column":45}},"46":{"start":{"line":47,"column":0},"end":{"line":47,"column":0}},"47":{"start":{"line":48,"column":0},"end":{"line":48,"column":16}},"48":{"start":{"line":49,"column":0},"end":{"line":49,"column":46}},"49":{"start":{"line":50,"column":0},"end":{"line":50,"column":5}},"50":{"start":{"line":51,"column":0},"end":{"line":51,"column":1}}},"s":{"0":1,"1":1,"2":1,"3":1,"4":70,"5":70,"6":20,"7":70,"8":70,"9":3,"10":70,"11":70,"12":16,"13":70,"14":70,"15":4,"16":70,"17":70,"18":11,"19":70,"20":70,"21":6,"22":70,"23":70,"24":3,"25":3,"26":3,"27":3,"28":70,"29":70,"30":3,"31":3,"32":3,"33":3,"34":70,"35":70,"36":1,"37":1,"38":1,"39":1,"40":70,"41":70,"42":1,"43":1,"44":1,"45":1,"46":70,"47":70,"48":2,"49":70,"50":70},"branchMap":{"0":{"type":"branch","line":4,"loc":{"start":{"line":4,"column":15},"end":{"line":51,"column":1}},"locations":[{"start":{"line":4,"column":15},"end":{"line":51,"column":1}}]},"1":{"type":"branch","line":6,"loc":{"start":{"line":6,"column":8},"end":{"line":7,"column":52}},"locations":[{"start":{"line":6,"column":8},"end":{"line":7,"column":52}}]},"2":{"type":"branch","line":9,"loc":{"start":{"line":9,"column":8},"end":{"line":10,"column":60}},"locations":[{"start":{"line":9,"column":8},"end":{"line":10,"column":60}}]},"3":{"type":"branch","line":12,"loc":{"start":{"line":12,"column":8},"end":{"line":13,"column":57}},"locations":[{"start":{"line":12,"column":8},"end":{"line":13,"column":57}}]},"4":{"type":"branch","line":15,"loc":{"start":{"line":15,"column":8},"end":{"line":16,"column":55}},"locations":[{"start":{"line":15,"column":8},"end":{"line":16,"column":55}}]},"5":{"type":"branch","line":18,"loc":{"start":{"line":18,"column":8},"end":{"line":19,"column":94}},"locations":[{"start":{"line":18,"column":8},"end":{"line":19,"column":94}}]},"6":{"type":"branch","line":21,"loc":{"start":{"line":21,"column":8},"end":{"line":22,"column":86}},"locations":[{"start":{"line":21,"column":8},"end":{"line":22,"column":86}}]},"7":{"type":"branch","line":24,"loc":{"start":{"line":24,"column":8},"end":{"line":28,"column":42}},"locations":[{"start":{"line":24,"column":8},"end":{"line":28,"column":42}}]},"8":{"type":"branch","line":30,"loc":{"start":{"line":30,"column":8},"end":{"line":34,"column":42}},"locations":[{"start":{"line":30,"column":8},"end":{"line":34,"column":42}}]},"9":{"type":"branch","line":36,"loc":{"start":{"line":36,"column":8},"end":{"line":40,"column":43}},"locations":[{"start":{"line":36,"column":8},"end":{"line":40,"column":43}}]},"10":{"type":"branch","line":42,"loc":{"start":{"line":42,"column":8},"end":{"line":46,"column":45}},"locations":[{"start":{"line":42,"column":8},"end":{"line":46,"column":45}}]},"11":{"type":"branch","line":48,"loc":{"start":{"line":48,"column":8},"end":{"line":49,"column":46}},"locations":[{"start":{"line":48,"column":8},"end":{"line":49,"column":46}}]}},"b":{"0":[70],"1":[20],"2":[3],"3":[16],"4":[4],"5":[11],"6":[6],"7":[3],"8":[3],"9":[1],"10":[1],"11":[2]},"fnMap":{"0":{"name":"PedidoFactory","decl":{"start":{"line":4,"column":15},"end":{"line":51,"column":1}},"loc":{"start":{"line":4,"column":15},"end":{"line":51,"column":1}},"line":4}},"f":{"0":70}}
}
