TN:
SF:src\ProcessarPagamento.js
FN:3,<instance_members_initializer>
FN:6,ProcessarPagamento
FN:10,pagarEmDinheiro
FN:17,pagarNoCredito
FN:23,pagarNoDebito
FNF:5
FNH:5
FNDA:22,<instance_members_initializer>
FNDA:22,ProcessarPagamento
FNDA:6,pagarEmDinheiro
FNDA:7,pagarNoCredito
FNDA:8,pagarNoDebito
DA:1,1
DA:2,1
DA:3,1
DA:4,22
DA:5,22
DA:6,22
DA:7,22
DA:8,22
DA:9,22
DA:10,22
DA:11,6
DA:12,6
DA:13,6
DA:14,6
DA:15,22
DA:16,22
DA:17,22
DA:18,7
DA:19,7
DA:20,7
DA:21,7
DA:22,22
DA:23,22
DA:24,8
DA:25,8
DA:26,22
LF:26
LH:26
BRDA:3,0,0,22
BRDA:6,1,0,22
BRDA:10,2,0,6
BRDA:17,3,0,7
BRDA:23,4,0,8
BRF:5
BRH:5
end_of_record
TN:
SF:src\caixa-da-lanchonete.js
FN:7,calcularValorDaCompra
FNF:1
FNH:1
FNDA:34,calcularValorDaCompra
DA:1,1
DA:2,1
DA:3,1
DA:4,1
DA:5,1
DA:6,1
DA:7,1
DA:8,34
DA:9,34
DA:10,3
DA:11,34
DA:12,31
DA:13,31
DA:14,31
DA:15,31
DA:16,31
DA:17,31
DA:18,55
DA:19,55
DA:20,54
DA:21,55
DA:22,54
DA:23,54
DA:24,54
DA:25,54
DA:26,54
DA:27,28
DA:28,31
DA:29,8
DA:30,8
DA:31,8
DA:32,8
DA:33,16
DA:34,2
DA:35,2
DA:36,14
DA:37,16
DA:38,12
DA:39,16
DA:40,2
DA:41,2
DA:42,2
DA:43,8
DA:44,8
DA:45,31
DA:46,20
DA:47,43
DA:48,15
DA:49,15
DA:50,39
DA:51,20
DA:52,20
DA:53,22
DA:54,22
DA:55,22
DA:56,22
DA:57,31
DA:58,6
DA:59,31
DA:60,7
DA:61,31
DA:62,8
DA:63,31
DA:64,1
DA:65,31
DA:66,31
DA:67,34
DA:68,12
DA:69,12
DA:70,34
DA:71,1
DA:72,1
DA:73,1
DA:74,1
DA:75,1
LF:75
LH:75
BRDA:7,0,0,34
BRDA:9,1,0,3
BRDA:11,2,0,31
BRDA:17,3,0,55
BRDA:19,4,0,1
BRDA:19,5,0,54
BRDA:21,6,0,8
BRDA:21,7,0,54
BRDA:26,8,0,28
BRDA:28,9,0,8
BRDA:45,10,0,20
BRDA:52,11,0,22
BRDA:57,12,0,6
BRDA:59,13,0,7
BRDA:61,14,0,8
BRDA:63,15,0,1
BRDA:67,16,0,12
BRDA:31,17,0,8
BRDA:32,18,0,16
BRDA:33,19,0,2
BRDA:35,20,0,14
BRDA:37,21,0,12
BRDA:39,22,0,2
BRDA:46,23,0,43
BRDA:47,24,0,15
BRDA:48,25,0,4
BRDA:49,26,0,39
BRF:27
BRH:27
end_of_record
TN:
SF:src\utils.js
FN:3,arrumarERetornarValor
FN:7,principalEstaIncluso
FNF:2
FNH:2
FNDA:21,arrumarERetornarValor
FNDA:17,principalEstaIncluso
DA:1,1
DA:2,1
DA:3,1
DA:4,21
DA:5,21
DA:6,1
DA:7,1
DA:8,17
DA:9,32
DA:10,32
DA:11,6
DA:12,6
DA:13,1
LF:13
LH:13
BRDA:3,0,0,21
BRDA:7,1,0,17
BRDA:8,2,0,32
BRDA:9,3,0,11
BRDA:10,4,0,6
BRF:5
BRH:5
end_of_record
TN:
SF:src\pedidos\Combo.js
FN:3,<instance_members_initializer>
FN:8,get comboFinal
FN:12,get valorFixo
FN:16,get temValorFixo
FN:20,adicionarPedido
FN:25,adicionarValorFixo
FNF:6
FNH:6
FNDA:8,<instance_members_initializer>
FNDA:10,get comboFinal
FNDA:12,get valorFixo
FNDA:14,get temValorFixo
FNDA:16,adicionarPedido
FNDA:6,adicionarValorFixo
DA:1,1
DA:2,1
DA:3,1
DA:4,8
DA:5,8
DA:6,8
DA:7,8
DA:8,8
DA:9,10
DA:10,10
DA:11,8
DA:12,8
DA:13,12
DA:14,12
DA:15,8
DA:16,8
DA:17,14
DA:18,14
DA:19,8
DA:20,8
DA:21,16
DA:22,16
DA:23,16
DA:24,8
DA:25,8
DA:26,6
DA:27,6
DA:28,6
DA:29,6
DA:30,8
LF:30
LH:30
BRDA:3,0,0,8
BRDA:8,1,0,10
BRDA:12,2,0,12
BRDA:16,3,0,14
BRDA:20,4,0,16
BRDA:25,5,0,6
BRF:6
BRH:6
end_of_record
TN:
SF:src\pedidos\Pedido.js
FN:1,<instance_members_initializer>
FN:9,Pedido
FN:17,get codigo
FN:21,get nome
FN:25,get valor
FN:29,get isAcompanhamento
FN:33,get acompanha
FNF:7
FNH:6
FNDA:60,<instance_members_initializer>
FNDA:60,Pedido
FNDA:32,get codigo
FNDA:0,get nome
FNDA:41,get valor
FNDA:59,get isAcompanhamento
FNDA:32,get acompanha
DA:1,1
DA:2,60
DA:3,60
DA:4,60
DA:5,60
DA:6,60
DA:7,60
DA:8,60
DA:9,60
DA:10,60
DA:11,60
DA:12,60
DA:13,60
DA:14,60
DA:15,60
DA:16,60
DA:17,60
DA:18,32
DA:19,32
DA:20,60
DA:21,60
DA:22,0
DA:23,0
DA:24,60
DA:25,60
DA:26,41
DA:27,41
DA:28,60
DA:29,60
DA:30,59
DA:31,59
DA:32,60
DA:33,60
DA:34,32
DA:35,32
DA:36,60
DA:37,60
LF:37
LH:35
BRDA:1,0,0,60
BRDA:9,1,0,60
BRDA:17,2,0,32
BRDA:25,3,0,41
BRDA:29,4,0,59
BRDA:33,5,0,32
BRF:6
BRH:6
end_of_record
TN:
SF:src\pedidos\PedidoFactory.js
FN:4,PedidoFactory
FNF:1
FNH:1
FNDA:70,PedidoFactory
DA:1,1
DA:2,1
DA:3,1
DA:4,1
DA:5,70
DA:6,70
DA:7,20
DA:8,70
DA:9,70
DA:10,3
DA:11,70
DA:12,70
DA:13,16
DA:14,70
DA:15,70
DA:16,4
DA:17,70
DA:18,70
DA:19,11
DA:20,70
DA:21,70
DA:22,6
DA:23,70
DA:24,70
DA:25,3
DA:26,3
DA:27,3
DA:28,3
DA:29,70
DA:30,70
DA:31,3
DA:32,3
DA:33,3
DA:34,3
DA:35,70
DA:36,70
DA:37,1
DA:38,1
DA:39,1
DA:40,1
DA:41,70
DA:42,70
DA:43,1
DA:44,1
DA:45,1
DA:46,1
DA:47,70
DA:48,70
DA:49,2
DA:50,70
DA:51,70
LF:51
LH:51
BRDA:4,0,0,70
BRDA:6,1,0,20
BRDA:9,2,0,3
BRDA:12,3,0,16
BRDA:15,4,0,4
BRDA:18,5,0,11
BRDA:21,6,0,6
BRDA:24,7,0,3
BRDA:30,8,0,3
BRDA:36,9,0,1
BRDA:42,10,0,1
BRDA:48,11,0,2
BRF:12
BRH:12
end_of_record
